# JRE version: Java(TM) SE Runtime Environment (8.0_121-b13) (build 1.8.0_121-b13)
# Java VM: Java HotSpot(TM) 64-Bit Server VM (25.121-b13 mixed mode linux-amd64 compressed oops)
Heap:
 PSYoungGen      total 62464K, used 27682K [0x00000000d7000000, 0x00000000db680000, 0x0000000100000000)
  eden space 55808K, 43% used [0x00000000d7000000,0x00000000d87bc748,0x00000000da680000)
  from space 6656K, 50% used [0x00000000db000000,0x00000000db34c0f0,0x00000000db680000)
  to   space 8192K, 0% used [0x00000000da680000,0x00000000da680000,0x00000000dae80000)
 ParOldGen       total 63488K, used 7848K [0x0000000085000000, 0x0000000088e00000, 0x00000000d7000000)
  object space 63488K, 12% used [0x0000000085000000,0x00000000857aa098,0x0000000088e00000)
 Metaspace       used 23695K, capacity 24114K, committed 24448K, reserved 1071104K
  class space    used 2707K, capacity 2825K, committed 2944K, reserved 1048576K
GC Heap History (10 events):
Event: 10,855 GC heap before
{Heap before GC invocations=5 (full 1):
 PSYoungGen      total 36864K, used 34912K [0x00000000d7000000, 0x00000000da580000, 0x0000000100000000)
  eden space 31744K, 100% used [0x00000000d7000000,0x00000000d8f00000,0x00000000d8f00000)
  from space 5120K, 61% used [0x00000000d8f00000,0x00000000d9218070,0x00000000d9400000)
  to   space 5120K, 0% used [0x00000000da080000,0x00000000da080000,0x00000000da580000)
 ParOldGen       total 63488K, used 7824K [0x0000000085000000, 0x0000000088e00000, 0x00000000d7000000)
  object space 63488K, 12% used [0x0000000085000000,0x00000000857a4098,0x0000000088e00000)
 Metaspace       used 22778K, capacity 23176K, committed 23216K, reserved 1069056K
  class space    used 2669K, capacity 2792K, committed 2816K, reserved 1048576K
Event: 10,888 GC heap after
Heap after GC invocations=5 (full 1):
 PSYoungGen      total 49664K, used 3361K [0x00000000d7000000, 0x00000000da680000, 0x0000000100000000)
  eden space 44544K, 0% used [0x00000000d7000000,0x00000000d7000000,0x00000000d9b80000)
  from space 5120K, 65% used [0x00000000da080000,0x00000000da3c8708,0x00000000da580000)
  to   space 5120K, 0% used [0x00000000d9b80000,0x00000000d9b80000,0x00000000da080000)
 ParOldGen       total 63488K, used 7832K [0x0000000085000000, 0x0000000088e00000, 0x00000000d7000000)
  object space 63488K, 12% used [0x0000000085000000,0x00000000857a6098,0x0000000088e00000)
 Metaspace       used 22778K, capacity 23176K, committed 23216K, reserved 1069056K
  class space    used 2669K, capacity 2792K, committed 2816K, reserved 1048576K
}
Event: 27,458 GC heap before
{Heap before GC invocations=6 (full 1):
 PSYoungGen      total 49664K, used 47905K [0x00000000d7000000, 0x00000000da680000, 0x0000000100000000)
  eden space 44544K, 100% used [0x00000000d7000000,0x00000000d9b80000,0x00000000d9b80000)
  from space 5120K, 65% used [0x00000000da080000,0x00000000da3c8708,0x00000000da580000)
  to   space 5120K, 0% used [0x00000000d9b80000,0x00000000d9b80000,0x00000000da080000)
 ParOldGen       total 63488K, used 7832K [0x0000000085000000, 0x0000000088e00000, 0x00000000d7000000)
  object space 63488K, 12% used [0x0000000085000000,0x00000000857a6098,0x0000000088e00000)
 Metaspace       used 23368K, capacity 23756K, committed 23808K, reserved 1071104K
  class space    used 2674K, capacity 2792K, committed 2816K, reserved 1048576K
Event: 27,465 GC heap after
Heap after GC invocations=6 (full 1):
 PSYoungGen      total 49664K, used 3649K [0x00000000d7000000, 0x00000000dbd80000, 0x0000000100000000)
  eden space 44544K, 0% used [0x00000000d7000000,0x00000000d7000000,0x00000000d9b80000)
  from space 5120K, 71% used [0x00000000d9b80000,0x00000000d9f10708,0x00000000da080000)
  to   space 9216K, 0% used [0x00000000db480000,0x00000000db480000,0x00000000dbd80000)
 ParOldGen       total 63488K, used 7840K [0x0000000085000000, 0x0000000088e00000, 0x00000000d7000000)
  object space 63488K, 12% used [0x0000000085000000,0x00000000857a8098,0x0000000088e00000)
 Metaspace       used 23368K, capacity 23756K, committed 23808K, reserved 1071104K
  class space    used 2674K, capacity 2792K, committed 2816K, reserved 1048576K
}
Event: 64,286 GC heap before
{Heap before GC invocations=7 (full 1):
 PSYoungGen      total 49664K, used 48193K [0x00000000d7000000, 0x00000000dbd80000, 0x0000000100000000)
  eden space 44544K, 100% used [0x00000000d7000000,0x00000000d9b80000,0x00000000d9b80000)
  from space 5120K, 71% used [0x00000000d9b80000,0x00000000d9f10708,0x00000000da080000)
  to   space 9216K, 0% used [0x00000000db480000,0x00000000db480000,0x00000000dbd80000)
 ParOldGen       total 63488K, used 7840K [0x0000000085000000, 0x0000000088e00000, 0x00000000d7000000)
  object space 63488K, 12% used [0x0000000085000000,0x00000000857a8098,0x0000000088e00000)
 Metaspace       used 23536K, capacity 23986K, committed 24192K, reserved 1071104K
  class space    used 2698K, capacity 2825K, committed 2944K, reserved 1048576K
Event: 64,299 GC heap after
Heap after GC invocations=7 (full 1):
 PSYoungGen      total 64000K, used 3649K [0x00000000d7000000, 0x00000000dba00000, 0x0000000100000000)
  eden space 58368K, 0% used [0x00000000d7000000,0x00000000d7000000,0x00000000da900000)
  from space 5632K, 64% used [0x00000000db480000,0x00000000db810708,0x00000000dba00000)
  to   space 8704K, 0% used [0x00000000da900000,0x00000000da900000,0x00000000db180000)
 ParOldGen       total 63488K, used 7848K [0x0000000085000000, 0x0000000088e00000, 0x00000000d7000000)
  object space 63488K, 12% used [0x0000000085000000,0x00000000857aa098,0x0000000088e00000)
 Metaspace       used 23536K, capacity 23986K, committed 24192K, reserved 1071104K
  class space    used 2698K, capacity 2825K, committed 2944K, reserved 1048576K
}
Event: 138,831 GC heap before
{Heap before GC invocations=8 (full 1):
 PSYoungGen      total 64000K, used 62017K [0x00000000d7000000, 0x00000000dba00000, 0x0000000100000000)
  eden space 58368K, 100% used [0x00000000d7000000,0x00000000da900000,0x00000000da900000)
  from space 5632K, 64% used [0x00000000db480000,0x00000000db810708,0x00000000dba00000)
  to   space 8704K, 0% used [0x00000000da900000,0x00000000da900000,0x00000000db180000)
 ParOldGen       total 63488K, used 7848K [0x0000000085000000, 0x0000000088e00000, 0x00000000d7000000)
  object space 63488K, 12% used [0x0000000085000000,0x00000000857aa098,0x0000000088e00000)
 Metaspace       used 23553K, capacity 23986K, committed 24192K, reserved 1071104K
  class space    used 2700K, capacity 2825K, committed 2944K, reserved 1048576K
Event: 138,843 GC heap after
Heap after GC invocations=8 (full 1):
 PSYoungGen      total 60416K, used 3280K [0x00000000d7000000, 0x00000000db880000, 0x0000000100000000)
  eden space 56832K, 0% used [0x00000000d7000000,0x00000000d7000000,0x00000000da780000)
  from space 3584K, 91% used [0x00000000da900000,0x00000000dac34110,0x00000000dac80000)
  to   space 8704K, 0% used [0x00000000db000000,0x00000000db000000,0x00000000db880000)
 ParOldGen       total 63488K, used 7848K [0x0000000085000000, 0x0000000088e00000, 0x00000000d7000000)
  object space 63488K, 12% used [0x0000000085000000,0x00000000857aa098,0x0000000088e00000)
 Metaspace       used 23553K, capacity 23986K, committed 24192K, reserved 1071104K
  class space    used 2700K, capacity 2825K, committed 2944K, reserved 1048576K
}
Event: 246,395 GC heap before
{Heap before GC invocations=9 (full 1):
 PSYoungGen      total 60416K, used 60112K [0x00000000d7000000, 0x00000000db880000, 0x0000000100000000)
  eden space 56832K, 100% used [0x00000000d7000000,0x00000000da780000,0x00000000da780000)
  from space 3584K, 91% used [0x00000000da900000,0x00000000dac34110,0x00000000dac80000)
  to   space 8704K, 0% used [0x00000000db000000,0x00000000db000000,0x00000000db880000)
 ParOldGen       total 63488K, used 7848K [0x0000000085000000, 0x0000000088e00000, 0x00000000d7000000)
  object space 63488K, 12% used [0x0000000085000000,0x00000000857aa098,0x0000000088e00000)
 Metaspace       used 23662K, capacity 24114K, committed 24448K, reserved 1071104K
  class space    used 2704K, capacity 2825K, committed 2944K, reserved 1048576K
Event: 246,405 GC heap after
Heap after GC invocations=9 (full 1):
 PSYoungGen      total 62464K, used 3376K [0x00000000d7000000, 0x00000000db680000, 0x0000000100000000)
  eden space 55808K, 0% used [0x00000000d7000000,0x00000000d7000000,0x00000000da680000)
  from space 6656K, 50% used [0x00000000db000000,0x00000000db34c0f0,0x00000000db680000)
  to   space 8192K, 0% used [0x00000000da680000,0x00000000da680000,0x00000000dae80000)
 ParOldGen       total 63488K, used 7848K [0x0000000085000000, 0x0000000088e00000, 0x00000000d7000000)
  object space 63488K, 12% used [0x0000000085000000,0x00000000857aa098,0x0000000088e00000)
 Metaspace       used 23662K, capacity 24114K, committed 24448K, reserved 1071104K
  class space    used 2704K, capacity 2825K, committed 2944K, reserved 1048576K
}

