# JRE version: Java(TM) SE Runtime Environment (8.0_121-b13) (build 1.8.0_121-b13)
# Java VM: Java HotSpot(TM) 64-Bit Server VM (25.121-b13 mixed mode linux-amd64 compressed oops)
Heap:
 PSYoungGen      total 66048K, used 60149K [0x00000000d7000000, 0x00000000dc900000, 0x0000000100000000)
  eden space 60928K, 94% used [0x00000000d7000000,0x00000000da83ca88,0x00000000dab80000)
  from space 5120K, 50% used [0x00000000dab80000,0x00000000dae00aa8,0x00000000db080000)
  to   space 10752K, 0% used [0x00000000dbe80000,0x00000000dbe80000,0x00000000dc900000)
 ParOldGen       total 59392K, used 7904K [0x0000000085000000, 0x0000000088a00000, 0x00000000d7000000)
  object space 59392K, 13% used [0x0000000085000000,0x00000000857b80e8,0x0000000088a00000)
 Metaspace       used 23220K, capacity 23668K, committed 23808K, reserved 1071104K
  class space    used 2666K, capacity 2764K, committed 2816K, reserved 1048576K
GC Heap History (10 events):
Event: 1,592 GC heap before
{Heap before GC invocations=2 (full 0):
 PSYoungGen      total 36864K, used 36847K [0x00000000d7000000, 0x00000000d9900000, 0x0000000100000000)
  eden space 31744K, 100% used [0x00000000d7000000,0x00000000d8f00000,0x00000000d8f00000)
  from space 5120K, 99% used [0x00000000d8f00000,0x00000000d93fbe28,0x00000000d9400000)
  to   space 5120K, 0% used [0x00000000d9400000,0x00000000d9400000,0x00000000d9900000)
 ParOldGen       total 84992K, used 1151K [0x0000000085000000, 0x000000008a300000, 0x00000000d7000000)
  object space 84992K, 1% used [0x0000000085000000,0x000000008511fd88,0x000000008a300000)
 Metaspace       used 20482K, capacity 20774K, committed 20864K, reserved 1067008K
  class space    used 2557K, capacity 2675K, committed 2688K, reserved 1048576K
Event: 1,606 GC heap after
Heap after GC invocations=2 (full 0):
 PSYoungGen      total 36864K, used 5090K [0x00000000d7000000, 0x00000000db800000, 0x0000000100000000)
  eden space 31744K, 0% used [0x00000000d7000000,0x00000000d7000000,0x00000000d8f00000)
  from space 5120K, 99% used [0x00000000d9400000,0x00000000d98f8830,0x00000000d9900000)
  to   space 5120K, 0% used [0x00000000d8f00000,0x00000000d8f00000,0x00000000d9400000)
 ParOldGen       total 84992K, used 5123K [0x0000000085000000, 0x000000008a300000, 0x00000000d7000000)
  object space 84992K, 6% used [0x0000000085000000,0x0000000085500e38,0x000000008a300000)
 Metaspace       used 20482K, capacity 20774K, committed 20864K, reserved 1067008K
  class space    used 2557K, capacity 2675K, committed 2688K, reserved 1048576K
}
Event: 4,367 GC heap before
{Heap before GC invocations=3 (full 0):
 PSYoungGen      total 36864K, used 8348K [0x00000000d7000000, 0x00000000db800000, 0x0000000100000000)
  eden space 31744K, 10% used [0x00000000d7000000,0x00000000d732e9e0,0x00000000d8f00000)
  from space 5120K, 99% used [0x00000000d9400000,0x00000000d98f8830,0x00000000d9900000)
  to   space 5120K, 0% used [0x00000000d8f00000,0x00000000d8f00000,0x00000000d9400000)
 ParOldGen       total 84992K, used 5123K [0x0000000085000000, 0x000000008a300000, 0x00000000d7000000)
  object space 84992K, 6% used [0x0000000085000000,0x0000000085500e38,0x000000008a300000)
 Metaspace       used 20812K, capacity 21182K, committed 21296K, reserved 1069056K
  class space    used 2589K, capacity 2679K, committed 2688K, reserved 1048576K
Event: 4,374 GC heap after
Heap after GC invocations=3 (full 0):
 PSYoungGen      total 36864K, used 5106K [0x00000000d7000000, 0x00000000db800000, 0x0000000100000000)
  eden space 31744K, 0% used [0x00000000d7000000,0x00000000d7000000,0x00000000d8f00000)
  from space 5120K, 99% used [0x00000000d8f00000,0x00000000d93fc840,0x00000000d9400000)
  to   space 5120K, 0% used [0x00000000db300000,0x00000000db300000,0x00000000db800000)
 ParOldGen       total 84992K, used 5472K [0x0000000085000000, 0x000000008a300000, 0x00000000d7000000)
  object space 84992K, 6% used [0x0000000085000000,0x00000000855580b0,0x000000008a300000)
 Metaspace       used 20812K, capacity 21182K, committed 21296K, reserved 1069056K
  class space    used 2589K, capacity 2679K, committed 2688K, reserved 1048576K
}
Event: 4,374 GC heap before
{Heap before GC invocations=4 (full 1):
 PSYoungGen      total 36864K, used 5106K [0x00000000d7000000, 0x00000000db800000, 0x0000000100000000)
  eden space 31744K, 0% used [0x00000000d7000000,0x00000000d7000000,0x00000000d8f00000)
  from space 5120K, 99% used [0x00000000d8f00000,0x00000000d93fc840,0x00000000d9400000)
  to   space 5120K, 0% used [0x00000000db300000,0x00000000db300000,0x00000000db800000)
 ParOldGen       total 84992K, used 5472K [0x0000000085000000, 0x000000008a300000, 0x00000000d7000000)
  object space 84992K, 6% used [0x0000000085000000,0x00000000855580b0,0x000000008a300000)
 Metaspace       used 20812K, capacity 21182K, committed 21296K, reserved 1069056K
  class space    used 2589K, capacity 2679K, committed 2688K, reserved 1048576K
Event: 4,426 GC heap after
Heap after GC invocations=4 (full 1):
 PSYoungGen      total 36864K, used 0K [0x00000000d7000000, 0x00000000db800000, 0x0000000100000000)
  eden space 31744K, 0% used [0x00000000d7000000,0x00000000d7000000,0x00000000d8f00000)
  from space 5120K, 0% used [0x00000000d8f00000,0x00000000d8f00000,0x00000000d9400000)
  to   space 5120K, 0% used [0x00000000db300000,0x00000000db300000,0x00000000db800000)
 ParOldGen       total 59392K, used 7888K [0x0000000085000000, 0x0000000088a00000, 0x00000000d7000000)
  object space 59392K, 13% used [0x0000000085000000,0x00000000857b40e8,0x0000000088a00000)
 Metaspace       used 20801K, capacity 21158K, committed 21296K, reserved 1069056K
  class space    used 2587K, capacity 2675K, committed 2688K, reserved 1048576K
}
Event: 7,065 GC heap before
{Heap before GC invocations=5 (full 1):
 PSYoungGen      total 36864K, used 31744K [0x00000000d7000000, 0x00000000db800000, 0x0000000100000000)
  eden space 31744K, 100% used [0x00000000d7000000,0x00000000d8f00000,0x00000000d8f00000)
  from space 5120K, 0% used [0x00000000d8f00000,0x00000000d8f00000,0x00000000d9400000)
  to   space 5120K, 0% used [0x00000000db300000,0x00000000db300000,0x00000000db800000)
 ParOldGen       total 59392K, used 7888K [0x0000000085000000, 0x0000000088a00000, 0x00000000d7000000)
  object space 59392K, 13% used [0x0000000085000000,0x00000000857b40e8,0x0000000088a00000)
 Metaspace       used 22053K, capacity 22444K, committed 22704K, reserved 1069056K
  class space    used 2652K, capacity 2764K, committed 2816K, reserved 1048576K
Event: 7,072 GC heap after
Heap after GC invocations=5 (full 1):
 PSYoungGen      total 50176K, used 2368K [0x00000000d7000000, 0x00000000db580000, 0x0000000100000000)
  eden space 47616K, 0% used [0x00000000d7000000,0x00000000d7000000,0x00000000d9e80000)
  from space 2560K, 92% used [0x00000000db300000,0x00000000db550218,0x00000000db580000)
  to   space 5120K, 0% used [0x00000000dab80000,0x00000000dab80000,0x00000000db080000)
 ParOldGen       total 59392K, used 7896K [0x0000000085000000, 0x0000000088a00000, 0x00000000d7000000)
  object space 59392K, 13% used [0x0000000085000000,0x00000000857b60e8,0x0000000088a00000)
 Metaspace       used 22053K, capacity 22444K, committed 22704K, reserved 1069056K
  class space    used 2652K, capacity 2764K, committed 2816K, reserved 1048576K
}
Event: 9,345 GC heap before
{Heap before GC invocations=6 (full 1):
 PSYoungGen      total 50176K, used 49984K [0x00000000d7000000, 0x00000000db580000, 0x0000000100000000)
  eden space 47616K, 100% used [0x00000000d7000000,0x00000000d9e80000,0x00000000d9e80000)
  from space 2560K, 92% used [0x00000000db300000,0x00000000db550218,0x00000000db580000)
  to   space 5120K, 0% used [0x00000000dab80000,0x00000000dab80000,0x00000000db080000)
 ParOldGen       total 59392K, used 7896K [0x0000000085000000, 0x0000000088a00000, 0x00000000d7000000)
  object space 59392K, 13% used [0x0000000085000000,0x00000000857b60e8,0x0000000088a00000)
 Metaspace       used 22860K, capacity 23284K, committed 23552K, reserved 1071104K
  class space    used 2653K, capacity 2764K, committed 2816K, reserved 1048576K
Event: 9,359 GC heap after
Heap after GC invocations=6 (full 1):
 PSYoungGen      total 66048K, used 2562K [0x00000000d7000000, 0x00000000dc900000, 0x0000000100000000)
  eden space 60928K, 0% used [0x00000000d7000000,0x00000000d7000000,0x00000000dab80000)
  from space 5120K, 50% used [0x00000000dab80000,0x00000000dae00aa8,0x00000000db080000)
  to   space 10752K, 0% used [0x00000000dbe80000,0x00000000dbe80000,0x00000000dc900000)
 ParOldGen       total 59392K, used 7904K [0x0000000085000000, 0x0000000088a00000, 0x00000000d7000000)
  object space 59392K, 13% used [0x0000000085000000,0x00000000857b80e8,0x0000000088a00000)
 Metaspace       used 22860K, capacity 23284K, committed 23552K, reserved 1071104K
  class space    used 2653K, capacity 2764K, committed 2816K, reserved 1048576K
}

